example/build/app/intermediates/manifest_merge_blame_file/debug/manifest-merger-blame-debug-report.txt
1<?xml version="1.0" encoding="utf-8"?>
2<manifest xmlns:android="http://schemas.android.com/apk/res/android"
3    package="com.ultralytics.yolo_android_example"
4    android:versionCode="1"
5    android:versionName="1.0" >
6
7    <uses-sdk
8        android:minSdkVersion="21"
9        android:targetSdkVersion="35" />
10    <!--
11         The INTERNET permission is required for development. Specifically,
12         the Flutter tool needs it to communicate with the running application
13         to allow setting breakpoints, to provide hot reload, etc.
14    -->
15    <uses-permission android:name="android.permission.INTERNET" />
15-->src/debug/AndroidManifest.xml:6:5-66
15-->src/debug/AndroidManifest.xml:6:22-64
16    <!-- カメラパーミッションを追加 -->
17    <uses-permission android:name="android.permission.CAMERA" />
17-->src/main/AndroidManifest.xml:3:5-65
17-->src/main/AndroidManifest.xml:3:22-62
18
19    <uses-feature android:name="android.hardware.camera" />
19-->src/main/AndroidManifest.xml:4:5-60
19-->src/main/AndroidManifest.xml:4:19-57
20    <uses-feature android:name="android.hardware.camera.autofocus" />
20-->src/main/AndroidManifest.xml:5:5-70
20-->src/main/AndroidManifest.xml:5:19-67
21    <!--
22 Required to query activities that can process text, see:
23         https://developer.android.com/training/package-visibility and
24         https://developer.android.com/reference/android/content/Intent#ACTION_PROCESS_TEXT.
25
26         In particular, this is used by the Flutter engine in io.flutter.plugin.text.ProcessTextPlugin.
27    -->
28    <queries>
28-->src/main/AndroidManifest.xml:44:5-49:15
29        <intent>
29-->src/main/AndroidManifest.xml:45:9-48:18
30            <action android:name="android.intent.action.PROCESS_TEXT" />
30-->src/main/AndroidManifest.xml:46:13-72
30-->src/main/AndroidManifest.xml:46:21-70
31
32            <data android:mimeType="text/plain" />
32-->src/main/AndroidManifest.xml:47:13-50
32-->src/main/AndroidManifest.xml:47:19-48
33        </intent>
34    </queries>
35
36    <uses-permission
36-->[:ultralytics_yolo_android] AndroidManifest.xml:8:5-10:38
37        android:name="android.permission.WRITE_EXTERNAL_STORAGE"
37-->[:ultralytics_yolo_android] AndroidManifest.xml:9:9-65
38        android:maxSdkVersion="29" />
38-->[:ultralytics_yolo_android] AndroidManifest.xml:10:9-35
39    <uses-permission
39-->[:ultralytics_yolo_android] AndroidManifest.xml:11:5-13:38
40        android:name="android.permission.READ_EXTERNAL_STORAGE"
40-->[:ultralytics_yolo_android] AndroidManifest.xml:12:9-64
41        android:maxSdkVersion="32" />
41-->[:ultralytics_yolo_android] AndroidManifest.xml:13:9-35
42    <uses-permission android:name="android.permission.READ_MEDIA_VIDEO" />
42-->[:ultralytics_yolo_android] AndroidManifest.xml:14:5-75
42-->[:ultralytics_yolo_android] AndroidManifest.xml:14:22-72
43    <uses-permission android:name="android.permission.READ_MEDIA_IMAGES" />
43-->[:ultralytics_yolo_android] AndroidManifest.xml:15:5-76
43-->[:ultralytics_yolo_android] AndroidManifest.xml:15:22-73
44
45    <permission
45-->[androidx.core:core:1.13.1] AndroidManifest.xml:22:5-24:47
46        android:name="com.ultralytics.yolo_android_example.DYNAMIC_RECEIVER_NOT_EXPORTED_PERMISSION"
46-->[androidx.core:core:1.13.1] AndroidManifest.xml:23:9-81
47        android:protectionLevel="signature" />
47-->[androidx.core:core:1.13.1] AndroidManifest.xml:24:9-44
48
49    <uses-permission android:name="com.ultralytics.yolo_android_example.DYNAMIC_RECEIVER_NOT_EXPORTED_PERMISSION" />
49-->[androidx.core:core:1.13.1] AndroidManifest.xml:26:5-97
49-->[androidx.core:core:1.13.1] AndroidManifest.xml:26:22-94
50    <uses-permission android:name="android.permission.READ_PHONE_STATE" />
51
52    <application
53        android:name="android.app.Application"
54        android:appComponentFactory="androidx.core.app.CoreComponentFactory"
54-->[androidx.core:core:1.13.1] AndroidManifest.xml:28:18-86
55        android:debuggable="true"
56        android:extractNativeLibs="true"
57        android:icon="@mipmap/ic_launcher"
58        android:label="yolo_example" >
59        <activity
60            android:name="com.ultralytics.yolo_android_example.MainActivity"
61            android:configChanges="orientation|keyboardHidden|keyboard|screenSize|smallestScreenSize|locale|layoutDirection|fontScale|screenLayout|density|uiMode"
62            android:exported="true"
63            android:hardwareAccelerated="true"
64            android:launchMode="singleTop"
65            android:taskAffinity=""
66            android:theme="@style/LaunchTheme"
67            android:windowSoftInputMode="adjustResize" >
68
69            <!--
70                 Specifies an Android theme to apply to this Activity as soon as
71                 the Android process has started. This theme is visible to the user
72                 while the Flutter UI initializes. After that, this theme continues
73                 to determine the Window background behind the Flutter UI.
74            -->
75            <meta-data
76                android:name="io.flutter.embedding.android.NormalTheme"
77                android:resource="@style/NormalTheme" />
78
79            <intent-filter>
80                <action android:name="android.intent.action.MAIN" />
81
82                <category android:name="android.intent.category.LAUNCHER" />
83            </intent-filter>
84        </activity>
85        <!--
86             Don't delete the meta-data below.
87             This is used by the Flutter tool to generate GeneratedPluginRegistrant.java
88        -->
89        <meta-data
90            android:name="flutterEmbedding"
91            android:value="2" />
92
93        <provider
93-->[:image_picker_android] AndroidManifest.xml:9:9-17:20
94            android:name="io.flutter.plugins.imagepicker.ImagePickerFileProvider"
94-->[:image_picker_android] AndroidManifest.xml:10:13-82
95            android:authorities="com.ultralytics.yolo_android_example.flutter.image_provider"
95-->[:image_picker_android] AndroidManifest.xml:11:13-74
96            android:exported="false"
96-->[:image_picker_android] AndroidManifest.xml:12:13-37
97            android:grantUriPermissions="true" >
97-->[:image_picker_android] AndroidManifest.xml:13:13-47
98            <meta-data
98-->[:image_picker_android] AndroidManifest.xml:14:13-16:75
99                android:name="android.support.FILE_PROVIDER_PATHS"
99-->[:image_picker_android] AndroidManifest.xml:15:17-67
100                android:resource="@xml/flutter_image_picker_file_paths" />
100-->[:image_picker_android] AndroidManifest.xml:16:17-72
101        </provider> <!-- Trigger Google Play services to install the backported photo picker module. -->
102        <service
102-->[:image_picker_android] AndroidManifest.xml:19:9-31:19
103            android:name="com.google.android.gms.metadata.ModuleDependencies"
103-->[:image_picker_android] AndroidManifest.xml:20:13-78
104            android:enabled="false"
104-->[:image_picker_android] AndroidManifest.xml:21:13-36
105            android:exported="false" >
105-->[:image_picker_android] AndroidManifest.xml:22:13-37
106            <intent-filter>
106-->[:image_picker_android] AndroidManifest.xml:24:13-26:29
107                <action android:name="com.google.android.gms.metadata.MODULE_DEPENDENCIES" />
107-->[:image_picker_android] AndroidManifest.xml:25:17-94
107-->[:image_picker_android] AndroidManifest.xml:25:25-91
108            </intent-filter>
109
110            <meta-data
110-->[:image_picker_android] AndroidManifest.xml:28:13-30:36
111                android:name="photopicker_activity:0:required"
111-->[:image_picker_android] AndroidManifest.xml:29:17-63
112                android:value="" />
112-->[:image_picker_android] AndroidManifest.xml:30:17-33
113        </service>
114        <service
114-->[androidx.camera:camera-camera2:1.2.3] AndroidManifest.xml:24:9-33:19
115            android:name="androidx.camera.core.impl.MetadataHolderService"
115-->[androidx.camera:camera-camera2:1.2.3] AndroidManifest.xml:25:13-75
116            android:enabled="false"
116-->[androidx.camera:camera-camera2:1.2.3] AndroidManifest.xml:26:13-36
117            android:exported="false" >
117-->[androidx.camera:camera-camera2:1.2.3] AndroidManifest.xml:27:13-37
118            <meta-data
118-->[androidx.camera:camera-camera2:1.2.3] AndroidManifest.xml:30:13-32:89
119                android:name="androidx.camera.core.impl.MetadataHolderService.DEFAULT_CONFIG_PROVIDER"
119-->[androidx.camera:camera-camera2:1.2.3] AndroidManifest.xml:31:17-103
120                android:value="androidx.camera.camera2.Camera2Config$DefaultProvider" />
120-->[androidx.camera:camera-camera2:1.2.3] AndroidManifest.xml:32:17-86
121        </service>
122
123        <uses-library
123-->[androidx.window:window:1.2.0] AndroidManifest.xml:23:9-25:40
124            android:name="androidx.window.extensions"
124-->[androidx.window:window:1.2.0] AndroidManifest.xml:24:13-54
125            android:required="false" />
125-->[androidx.window:window:1.2.0] AndroidManifest.xml:25:13-37
126        <uses-library
126-->[androidx.window:window:1.2.0] AndroidManifest.xml:26:9-28:40
127            android:name="androidx.window.sidecar"
127-->[androidx.window:window:1.2.0] AndroidManifest.xml:27:13-51
128            android:required="false" />
128-->[androidx.window:window:1.2.0] AndroidManifest.xml:28:13-37
129
130        <provider
130-->[androidx.emoji2:emoji2:1.2.0] AndroidManifest.xml:24:9-32:20
131            android:name="androidx.startup.InitializationProvider"
131-->[androidx.emoji2:emoji2:1.2.0] AndroidManifest.xml:25:13-67
132            android:authorities="com.ultralytics.yolo_android_example.androidx-startup"
132-->[androidx.emoji2:emoji2:1.2.0] AndroidManifest.xml:26:13-68
133            android:exported="false" >
133-->[androidx.emoji2:emoji2:1.2.0] AndroidManifest.xml:27:13-37
134            <meta-data
134-->[androidx.emoji2:emoji2:1.2.0] AndroidManifest.xml:29:13-31:52
135                android:name="androidx.emoji2.text.EmojiCompatInitializer"
135-->[androidx.emoji2:emoji2:1.2.0] AndroidManifest.xml:30:17-75
136                android:value="androidx.startup" />
136-->[androidx.emoji2:emoji2:1.2.0] AndroidManifest.xml:31:17-49
137            <meta-data
137-->[androidx.lifecycle:lifecycle-process:2.7.0] AndroidManifest.xml:29:13-31:52
138                android:name="androidx.lifecycle.ProcessLifecycleInitializer"
138-->[androidx.lifecycle:lifecycle-process:2.7.0] AndroidManifest.xml:30:17-78
139                android:value="androidx.startup" />
139-->[androidx.lifecycle:lifecycle-process:2.7.0] AndroidManifest.xml:31:17-49
140            <meta-data
140-->[androidx.profileinstaller:profileinstaller:1.3.1] AndroidManifest.xml:29:13-31:52
141                android:name="androidx.profileinstaller.ProfileInstallerInitializer"
141-->[androidx.profileinstaller:profileinstaller:1.3.1] AndroidManifest.xml:30:17-85
142                android:value="androidx.startup" />
142-->[androidx.profileinstaller:profileinstaller:1.3.1] AndroidManifest.xml:31:17-49
143        </provider>
144
145        <receiver
145-->[androidx.profileinstaller:profileinstaller:1.3.1] AndroidManifest.xml:34:9-52:20
146            android:name="androidx.profileinstaller.ProfileInstallReceiver"
146-->[androidx.profileinstaller:profileinstaller:1.3.1] AndroidManifest.xml:35:13-76
147            android:directBootAware="false"
147-->[androidx.profileinstaller:profileinstaller:1.3.1] AndroidManifest.xml:36:13-44
148            android:enabled="true"
148-->[androidx.profileinstaller:profileinstaller:1.3.1] AndroidManifest.xml:37:13-35
149            android:exported="true"
149-->[androidx.profileinstaller:profileinstaller:1.3.1] AndroidManifest.xml:38:13-36
150            android:permission="android.permission.DUMP" >
150-->[androidx.profileinstaller:profileinstaller:1.3.1] AndroidManifest.xml:39:13-57
151            <intent-filter>
151-->[androidx.profileinstaller:profileinstaller:1.3.1] AndroidManifest.xml:40:13-42:29
152                <action android:name="androidx.profileinstaller.action.INSTALL_PROFILE" />
152-->[androidx.profileinstaller:profileinstaller:1.3.1] AndroidManifest.xml:41:17-91
152-->[androidx.profileinstaller:profileinstaller:1.3.1] AndroidManifest.xml:41:25-88
153            </intent-filter>
154            <intent-filter>
154-->[androidx.profileinstaller:profileinstaller:1.3.1] AndroidManifest.xml:43:13-45:29
155                <action android:name="androidx.profileinstaller.action.SKIP_FILE" />
155-->[androidx.profileinstaller:profileinstaller:1.3.1] AndroidManifest.xml:44:17-85
155-->[androidx.profileinstaller:profileinstaller:1.3.1] AndroidManifest.xml:44:25-82
156            </intent-filter>
157            <intent-filter>
157-->[androidx.profileinstaller:profileinstaller:1.3.1] AndroidManifest.xml:46:13-48:29
158                <action android:name="androidx.profileinstaller.action.SAVE_PROFILE" />
158-->[androidx.profileinstaller:profileinstaller:1.3.1] AndroidManifest.xml:47:17-88
158-->[androidx.profileinstaller:profileinstaller:1.3.1] AndroidManifest.xml:47:25-85
159            </intent-filter>
160            <intent-filter>
160-->[androidx.profileinstaller:profileinstaller:1.3.1] AndroidManifest.xml:49:13-51:29
161                <action android:name="androidx.profileinstaller.action.BENCHMARK_OPERATION" />
161-->[androidx.profileinstaller:profileinstaller:1.3.1] AndroidManifest.xml:50:17-95
161-->[androidx.profileinstaller:profileinstaller:1.3.1] AndroidManifest.xml:50:25-92
162            </intent-filter>
163        </receiver>
164        <!--
165 Applications that target Android S+ require explicit declaration of
166             any referenced vendor-provided libraries.
167        -->
168        <uses-native-library
168-->[com.google.ai.edge.litert:litert-gpu-api:1.2.0] AndroidManifest.xml:8:9-10:40
169            android:name="libOpenCL.so"
169-->[com.google.ai.edge.litert:litert-gpu-api:1.2.0] AndroidManifest.xml:9:13-40
170            android:required="false" />
170-->[com.google.ai.edge.litert:litert-gpu-api:1.2.0] AndroidManifest.xml:10:13-37
171        <uses-native-library
171-->[com.google.ai.edge.litert:litert-gpu-api:1.2.0] AndroidManifest.xml:8:9-10:40
172            android:name="libOpenCL-car.so"
172-->[com.google.ai.edge.litert:litert-gpu-api:1.2.0] AndroidManifest.xml:9:13-40
173            android:required="false" />
173-->[com.google.ai.edge.litert:litert-gpu-api:1.2.0] AndroidManifest.xml:10:13-37
174        <uses-native-library
174-->[com.google.ai.edge.litert:litert-gpu-api:1.2.0] AndroidManifest.xml:8:9-10:40
175            android:name="libOpenCL-pixel.so"
175-->[com.google.ai.edge.litert:litert-gpu-api:1.2.0] AndroidManifest.xml:9:13-40
176            android:required="false" />
176-->[com.google.ai.edge.litert:litert-gpu-api:1.2.0] AndroidManifest.xml:10:13-37
177    </application>
178
179</manifest>